<?xml version="1.0" encoding="UTF-8"?>
<testsuite name="steps.Runner" tests="0" skipped="0" failures="0" errors="0" timestamp="1970-01-01T00:00:00" hostname="DESKTOP-6PV9NUR" time="0.0">
  <properties/>
  <system-out><![CDATA[#Funcionalidade: Consulta
# Cenario: Consultar Ovo de Pascoa
# Dado que acesso a Wikipedia em Portugues
#  Quando pesquiso por "Ovo de Páscoa"
#  Entao Exibe a expressao "Ovo de Páscoa" no titulo da guia
Feature: Consulta

  Scenario: Consultar Ovo de Pascoa                          ?[90m# Post.feature:10?[0m
    ?[32mGiven ?[0m?[32mque acesso a Wikipedia em Portugues?[0m                ?[90m# Post.queAcessoAWikipediaEmPortugues()?[0m
    ?[32mWhen ?[0m?[32mpesquiso por "?[0m?[32m?[1mOvo de Páscoa?[0m?[32m"?[0m                        ?[90m# Post.pesquisoPor(String)?[0m
    ?[32mThen ?[0m?[32mExibe a expressao "?[0m?[32m?[1mOvo de Páscoa?[0m?[32m" no titulo da guia?[0m ?[90m# Post.exibeAExpressaoNoTituloDaGuia(String)?[0m

1 Scenarios (?[32m1 passed?[0m)
3 Steps (?[32m3 passed?[0m)
0m7.907s

]]></system-out>
  <system-err><![CDATA[]]></system-err>
</testsuite>
